The system is: Windows - 10.0.22621 - AMD64
Compiling the C compiler identification source file "CMakeCCompilerId.c" succeeded.
Compiler: C:/Program Files (x86)/Microsoft Visual Studio/2019/Enterprise/VC/Tools/MSVC/14.29.30133/bin/Hostx86/x86/cl.exe 
Build flags: 
Id flags:  

The output was:
0
Microsoft (R) C/C++ Optimizing Compiler Version 19.29.30146 for x86
Copyright (C) Microsoft Corporation.  All rights reserved.

CMakeCCompilerId.c
Microsoft (R) Incremental Linker Version 14.29.30146.0
Copyright (C) Microsoft Corporation.  All rights reserved.

/out:CMakeCCompilerId.exe 
CMakeCCompilerId.obj 


Compilation of the C compiler identification source "CMakeCCompilerId.c" produced "CMakeCCompilerId.exe"

Compilation of the C compiler identification source "CMakeCCompilerId.c" produced "CMakeCCompilerId.obj"

The C compiler identification is MSVC, found in "C:/GITHUBONLINE/CPP/Modern_Cpp_WebSite/Dosya işleme-kod/dosya_isleme_2/cmake-build-debug/CMakeFiles/3.23.2/CompilerIdC/CMakeCCompilerId.exe"

Compiling the CXX compiler identification source file "CMakeCXXCompilerId.cpp" succeeded.
Compiler: C:/Program Files (x86)/Microsoft Visual Studio/2019/Enterprise/VC/Tools/MSVC/14.29.30133/bin/Hostx86/x86/cl.exe 
Build flags: 
Id flags:  

The output was:
0
Microsoft (R) C/C++ Optimizing Compiler Version 19.29.30146 for x86
Copyright (C) Microsoft Corporation.  All rights reserved.

CMakeCXXCompilerId.cpp
Microsoft (R) Incremental Linker Version 14.29.30146.0
Copyright (C) Microsoft Corporation.  All rights reserved.

/out:CMakeCXXCompilerId.exe 
CMakeCXXCompilerId.obj 


Compilation of the CXX compiler identification source "CMakeCXXCompilerId.cpp" produced "CMakeCXXCompilerId.exe"

Compilation of the CXX compiler identification source "CMakeCXXCompilerId.cpp" produced "CMakeCXXCompilerId.obj"

The CXX compiler identification is MSVC, found in "C:/GITHUBONLINE/CPP/Modern_Cpp_WebSite/Dosya işleme-kod/dosya_isleme_2/cmake-build-debug/CMakeFiles/3.23.2/CompilerIdCXX/CMakeCXXCompilerId.exe"

Detecting C compiler ABI info compiled with the following output:
Change Dir: C:/GITHUBONLINE/CPP/Modern_Cpp_WebSite/Dosya işleme-kod/dosya_isleme_2/cmake-build-debug/CMakeFiles/CMakeTmp

Run Build Command(s):C:/Users/binne/AppData/Local/JetBrains/Toolbox/apps/CLion/ch-0/222.4345.21/bin/ninja/win/ninja.exe cmTC_a4ac2 && [1/2] Building C object CMakeFiles\cmTC_a4ac2.dir\CMakeCCompilerABI.c.obj
[2/2] Linking C executable cmTC_a4ac2.exe



Detecting CXX compiler ABI info compiled with the following output:
Change Dir: C:/GITHUBONLINE/CPP/Modern_Cpp_WebSite/Dosya işleme-kod/dosya_isleme_2/cmake-build-debug/CMakeFiles/CMakeTmp

Run Build Command(s):C:/Users/binne/AppData/Local/JetBrains/Toolbox/apps/CLion/ch-0/222.4345.21/bin/ninja/win/ninja.exe cmTC_86846 && [1/2] Building CXX object CMakeFiles\cmTC_86846.dir\CMakeCXXCompilerABI.cpp.obj
[2/2] Linking CXX executable cmTC_86846.exe



